<?xml version="1.0" encoding="UTF-8"?>
<!-- Generated by org.testng.reporters.JUnitReportReporter -->
<testsuite hostname="DESKTOP-NSF0GC7" failures="0" tests="1" name="pompkg.ChromeBrowserOpening" time="53.557" errors="0" timestamp="2023-07-19T13:23:17 IST" skipped="0">
  <testcase classname="pompkg.ChromeBrowserOpening" name="m2" time="53.557"/>
  <system-out/>
</testsuite> <!-- pompkg.ChromeBrowserOpening -->
