<?xml version="1.0" encoding="UTF-8"?>
<!-- Generated by org.testng.reporters.JUnitReportReporter -->
<testsuite hostname="DESKTOP-NSF0GC7" failures="0" tests="1" name="pompkg.OpeningCode" time="141.417" errors="0" timestamp="2023-07-19T13:23:17 IST" skipped="0">
  <testcase classname="pompkg.OpeningCode" name="m1" time="141.417"/>
  <system-out/>
</testsuite> <!-- pompkg.OpeningCode -->
