<?xml version="1.0" encoding="UTF-8"?>
<!-- Generated by org.testng.reporters.JUnitReportReporter -->
<testsuite hostname="DESKTOP-NSF0GC7" failures="0" tests="1" name="pompkg.ChromeBrowserOpening" time="88.979" errors="0" timestamp="2023-07-19T14:11:35 IST" skipped="0">
  <testcase classname="pompkg.ChromeBrowserOpening" name="m2" time="88.979"/>
  <system-out/>
</testsuite> <!-- pompkg.ChromeBrowserOpening -->
